TN:
SF:database\db-v2.js
FN:12,runAsync
FN:13,(anonymous_1)
FN:14,(anonymous_2)
FN:21,getAsync
FN:22,(anonymous_4)
FN:23,(anonymous_5)
FN:30,allAsync
FN:31,(anonymous_7)
FN:32,(anonymous_8)
FN:40,(anonymous_9)
FN:46,(anonymous_10)
FN:47,(anonymous_11)
FN:48,(anonymous_12)
FN:59,(anonymous_13)
FN:73,(anonymous_14)
FN:87,(anonymous_15)
FN:101,(anonymous_16)
FN:153,(anonymous_17)
FN:174,(anonymous_18)
FN:195,(anonymous_19)
FN:216,(anonymous_20)
FN:242,(anonymous_21)
FN:266,(anonymous_22)
FN:309,(anonymous_23)
FN:353,(anonymous_24)
FN:363,(anonymous_25)
FN:379,(anonymous_26)
FN:388,(anonymous_27)
FN:398,(anonymous_28)
FN:414,getDatabase
FNF:30
FNH:0
FNDA:0,runAsync
FNDA:0,(anonymous_1)
FNDA:0,(anonymous_2)
FNDA:0,getAsync
FNDA:0,(anonymous_4)
FNDA:0,(anonymous_5)
FNDA:0,allAsync
FNDA:0,(anonymous_7)
FNDA:0,(anonymous_8)
FNDA:0,(anonymous_9)
FNDA:0,(anonymous_10)
FNDA:0,(anonymous_11)
FNDA:0,(anonymous_12)
FNDA:0,(anonymous_13)
FNDA:0,(anonymous_14)
FNDA:0,(anonymous_15)
FNDA:0,(anonymous_16)
FNDA:0,(anonymous_17)
FNDA:0,(anonymous_18)
FNDA:0,(anonymous_19)
FNDA:0,(anonymous_20)
FNDA:0,(anonymous_21)
FNDA:0,(anonymous_22)
FNDA:0,(anonymous_23)
FNDA:0,(anonymous_24)
FNDA:0,(anonymous_25)
FNDA:0,(anonymous_26)
FNDA:0,(anonymous_27)
FNDA:0,(anonymous_28)
FNDA:0,getDatabase
DA:6,1
DA:7,1
DA:9,1
DA:13,0
DA:14,0
DA:15,0
DA:16,0
DA:22,0
DA:23,0
DA:24,0
DA:25,0
DA:31,0
DA:32,0
DA:33,0
DA:34,0
DA:41,0
DA:42,0
DA:47,0
DA:48,0
DA:49,0
DA:51,0
DA:52,0
DA:60,0
DA:61,0
DA:62,0
DA:74,0
DA:75,0
DA:88,0
DA:102,0
DA:103,0
DA:106,0
DA:107,0
DA:108,0
DA:112,0
DA:113,0
DA:114,0
DA:116,0
DA:117,0
DA:121,0
DA:123,0
DA:128,0
DA:129,0
DA:132,0
DA:137,0
DA:140,0
DA:141,0
DA:147,0
DA:155,0
DA:161,0
DA:176,0
DA:177,0
DA:179,0
DA:182,0
DA:184,0
DA:189,0
DA:197,0
DA:198,0
DA:200,0
DA:203,0
DA:204,0
DA:207,0
DA:218,0
DA:219,0
DA:221,0
DA:224,0
DA:226,0
DA:244,0
DA:245,0
DA:247,0
DA:250,0
DA:252,0
DA:260,0
DA:268,0
DA:269,0
DA:271,0
DA:274,0
DA:275,0
DA:279,0
DA:284,0
DA:285,0
DA:289,0
DA:293,0
DA:311,0
DA:316,0
DA:317,0
DA:321,0
DA:325,0
DA:330,0
DA:333,0
DA:334,0
DA:335,0
DA:337,0
DA:339,0
DA:347,0
DA:354,0
DA:364,0
DA:380,0
DA:389,0
DA:399,0
DA:400,0
DA:401,0
DA:402,0
DA:404,0
DA:409,1
DA:415,0
DA:416,0
DA:418,0
DA:421,1
LF:108
LH:5
BRDA:12,0,0,0
BRDA:15,1,0,0
BRDA:15,1,1,0
BRDA:21,2,0,0
BRDA:24,3,0,0
BRDA:24,3,1,0
BRDA:30,4,0,0
BRDA:33,5,0,0
BRDA:33,5,1,0
BRDA:40,6,0,0
BRDA:49,7,0,0
BRDA:49,7,1,0
BRDA:60,8,0,0
BRDA:60,8,1,0
BRDA:74,9,0,0
BRDA:74,9,1,0
BRDA:103,10,0,0
BRDA:103,10,1,0
BRDA:106,11,0,0
BRDA:106,11,1,0
BRDA:108,12,0,0
BRDA:108,12,1,0
BRDA:112,13,0,0
BRDA:112,13,1,0
BRDA:114,14,0,0
BRDA:114,14,1,0
BRDA:116,15,0,0
BRDA:116,15,1,0
BRDA:116,16,0,0
BRDA:116,16,1,0
BRDA:128,17,0,0
BRDA:128,17,1,0
BRDA:140,18,0,0
BRDA:140,18,1,0
BRDA:143,19,0,0
BRDA:143,19,1,0
BRDA:174,20,0,0
BRDA:176,21,0,0
BRDA:176,21,1,0
BRDA:182,22,0,0
BRDA:182,22,1,0
BRDA:195,23,0,0
BRDA:197,24,0,0
BRDA:197,24,1,0
BRDA:203,25,0,0
BRDA:203,25,1,0
BRDA:216,26,0,0
BRDA:218,27,0,0
BRDA:218,27,1,0
BRDA:224,28,0,0
BRDA:224,28,1,0
BRDA:242,29,0,0
BRDA:244,30,0,0
BRDA:244,30,1,0
BRDA:250,31,0,0
BRDA:250,31,1,0
BRDA:260,32,0,0
BRDA:260,32,1,0
BRDA:266,33,0,0
BRDA:266,34,0,0
BRDA:268,35,0,0
BRDA:268,35,1,0
BRDA:274,36,0,0
BRDA:274,36,1,0
BRDA:284,37,0,0
BRDA:284,37,1,0
BRDA:316,38,0,0
BRDA:316,38,1,0
BRDA:335,39,0,0
BRDA:335,39,1,0
BRDA:343,40,0,0
BRDA:343,40,1,0
BRDA:353,41,0,0
BRDA:399,42,0,0
BRDA:399,42,1,0
BRDA:401,43,0,0
BRDA:401,43,1,0
BRDA:415,44,0,0
BRDA:415,44,1,0
BRF:79
BRH:0
end_of_record
TN:
SF:src\controllers\apiController.js
FN:5,(anonymous_0)
FN:45,(anonymous_1)
FNF:2
FNH:0
FNDA:0,(anonymous_0)
FNDA:0,(anonymous_1)
DA:1,0
DA:3,0
DA:5,0
DA:6,0
DA:9,0
DA:10,0
DA:11,0
DA:12,0
DA:13,0
DA:17,0
DA:19,0
DA:20,0
DA:23,0
DA:24,0
DA:25,0
DA:28,0
DA:29,0
DA:31,0
DA:32,0
DA:41,0
DA:42,0
DA:45,0
DA:46,0
DA:47,0
DA:48,0
DA:53,0
LF:26
LH:0
BRDA:9,0,0,0
BRDA:9,0,1,0
BRDA:9,1,0,0
BRDA:9,1,1,0
BRDA:10,2,0,0
BRDA:10,2,1,0
BRDA:10,3,0,0
BRDA:10,3,1,0
BRDA:10,3,2,0
BRDA:11,4,0,0
BRDA:11,4,1,0
BRDA:11,4,2,0
BRDA:12,5,0,0
BRDA:12,5,1,0
BRDA:19,6,0,0
BRDA:19,6,1,0
BRDA:19,7,0,0
BRDA:19,7,1,0
BRDA:24,8,0,0
BRDA:24,8,1,0
BRDA:46,9,0,0
BRDA:46,9,1,0
BRF:22
BRH:0
end_of_record
TN:
SF:src\controllers\cursorController.js
FN:4,(anonymous_0)
FN:24,(anonymous_1)
FNF:2
FNH:0
FNDA:0,(anonymous_0)
FNDA:0,(anonymous_1)
DA:1,0
DA:4,0
DA:5,0
DA:6,0
DA:7,0
DA:9,0
DA:10,0
DA:11,0
DA:12,0
DA:14,0
DA:15,0
DA:20,0
DA:24,0
DA:25,0
DA:26,0
DA:27,0
DA:29,0
DA:30,0
DA:31,0
DA:35,0
DA:36,0
DA:39,0
LF:22
LH:0
BRDA:6,0,0,0
BRDA:6,0,1,0
BRDA:6,1,0,0
BRDA:6,1,1,0
BRDA:10,2,0,0
BRDA:10,2,1,0
BRDA:14,3,0,0
BRDA:14,3,1,0
BRDA:16,4,0,0
BRDA:16,4,1,0
BRDA:17,5,0,0
BRDA:17,5,1,0
BRDA:26,6,0,0
BRDA:26,6,1,0
BRDA:26,7,0,0
BRDA:26,7,1,0
BRDA:26,7,2,0
BRDA:30,8,0,0
BRDA:30,8,1,0
BRDA:33,9,0,0
BRDA:33,9,1,0
BRF:21
BRH:0
end_of_record
TN:
SF:src\controllers\downloadController.js
FN:14,downloadMediaItem
FN:33,(anonymous_1)
FN:63,(anonymous_2)
FN:96,(anonymous_3)
FN:112,(anonymous_4)
FN:161,(anonymous_5)
FN:182,(anonymous_6)
FN:183,(anonymous_7)
FNF:8
FNH:0
FNDA:0,downloadMediaItem
FNDA:0,(anonymous_1)
FNDA:0,(anonymous_2)
FNDA:0,(anonymous_3)
FNDA:0,(anonymous_4)
FNDA:0,(anonymous_5)
FNDA:0,(anonymous_6)
FNDA:0,(anonymous_7)
DA:1,0
DA:2,0
DA:3,0
DA:4,0
DA:5,0
DA:6,0
DA:7,0
DA:8,0
DA:11,0
DA:15,0
DA:16,0
DA:17,0
DA:19,0
DA:20,0
DA:21,0
DA:22,0
DA:24,0
DA:25,0
DA:29,0
DA:30,0
DA:31,0
DA:32,0
DA:33,0
DA:37,0
DA:38,0
DA:39,0
DA:40,0
DA:41,0
DA:43,0
DA:44,0
DA:45,0
DA:46,0
DA:47,0
DA:49,0
DA:50,0
DA:53,0
DA:54,0
DA:59,0
DA:60,0
DA:61,0
DA:62,0
DA:63,0
DA:67,0
DA:68,0
DA:69,0
DA:70,0
DA:71,0
DA:73,0
DA:74,0
DA:75,0
DA:76,0
DA:77,0
DA:79,0
DA:80,0
DA:83,0
DA:84,0
DA:89,0
DA:93,0
DA:96,0
DA:97,0
DA:99,0
DA:100,0
DA:103,0
DA:105,0
DA:106,0
DA:107,0
DA:108,0
DA:111,0
DA:112,0
DA:114,0
DA:115,0
DA:116,0
DA:117,0
DA:118,0
DA:121,0
DA:122,0
DA:124,0
DA:125,0
DA:126,0
DA:129,0
DA:130,0
DA:131,0
DA:132,0
DA:133,0
DA:134,0
DA:136,0
DA:137,0
DA:138,0
DA:143,0
DA:145,0
DA:146,0
DA:160,0
DA:161,0
DA:162,0
DA:163,0
DA:182,0
DA:183,0
DA:186,0
DA:189,0
DA:190,0
DA:191,0
DA:192,0
DA:193,0
DA:194,0
DA:195,0
DA:196,0
DA:202,0
DA:203,0
DA:204,0
DA:206,0
DA:207,0
DA:208,0
DA:209,0
DA:211,0
DA:214,0
DA:215,0
DA:217,0
DA:218,0
DA:223,0
DA:224,0
DA:225,0
DA:226,0
DA:228,0
DA:229,0
DA:235,0
DA:236,0
DA:237,0
DA:238,0
DA:241,0
DA:243,0
DA:244,0
DA:246,0
DA:250,0
LF:133
LH:0
BRDA:19,0,0,0
BRDA:19,0,1,0
BRDA:21,1,0,0
BRDA:21,1,1,0
BRDA:29,2,0,0
BRDA:29,2,1,0
BRDA:29,3,0,0
BRDA:29,3,1,0
BRDA:37,4,0,0
BRDA:37,4,1,0
BRDA:37,5,0,0
BRDA:37,5,1,0
BRDA:40,6,0,0
BRDA:40,6,1,0
BRDA:41,7,0,0
BRDA:41,7,1,0
BRDA:43,8,0,0
BRDA:43,8,1,0
BRDA:59,9,0,0
BRDA:59,9,1,0
BRDA:59,10,0,0
BRDA:59,10,1,0
BRDA:67,11,0,0
BRDA:67,11,1,0
BRDA:67,12,0,0
BRDA:67,12,1,0
BRDA:70,13,0,0
BRDA:70,13,1,0
BRDA:71,14,0,0
BRDA:71,14,1,0
BRDA:73,15,0,0
BRDA:73,15,1,0
BRDA:89,16,0,0
BRDA:89,16,1,0
BRDA:89,17,0,0
BRDA:89,17,1,0
BRDA:90,18,0,0
BRDA:90,18,1,0
BRDA:99,19,0,0
BRDA:99,19,1,0
BRDA:99,20,0,0
BRDA:99,20,1,0
BRDA:115,21,0,0
BRDA:115,21,1,0
BRDA:115,22,0,0
BRDA:115,22,1,0
BRDA:129,23,0,0
BRDA:129,23,1,0
BRDA:145,24,0,0
BRDA:145,24,1,0
BRDA:145,25,0,0
BRDA:145,25,1,0
BRDA:160,26,0,0
BRDA:160,26,1,0
BRDA:160,27,0,0
BRDA:160,27,1,0
BRDA:162,28,0,0
BRDA:162,28,1,0
BRDA:162,29,0,0
BRDA:162,29,1,0
BRDA:162,29,2,0
BRDA:192,30,0,0
BRDA:192,30,1,0
BRDA:194,31,0,0
BRDA:194,31,1,0
BRDA:202,32,0,0
BRDA:202,32,1,0
BRDA:202,33,0,0
BRDA:202,33,1,0
BRDA:203,34,0,0
BRDA:203,34,1,0
BRDA:203,34,2,0
BRDA:206,35,0,0
BRDA:206,35,1,0
BRDA:208,36,0,0
BRDA:208,36,1,0
BRDA:214,37,0,0
BRDA:214,37,1,0
BRDA:215,38,0,0
BRDA:215,38,1,0
BRDA:219,39,0,0
BRDA:219,39,1,0
BRDA:219,39,2,0
BRDA:219,39,3,0
BRDA:219,39,4,0
BRDA:235,40,0,0
BRDA:235,40,1,0
BRDA:243,41,0,0
BRDA:243,41,1,0
BRF:89
BRH:0
end_of_record
TN:
SF:src\controllers\reportController.js
FN:10,(anonymous_0)
FN:26,(anonymous_1)
FN:42,(anonymous_2)
FN:59,(anonymous_3)
FN:65,(anonymous_4)
FNF:5
FNH:0
FNDA:0,(anonymous_0)
FNDA:0,(anonymous_1)
FNDA:0,(anonymous_2)
FNDA:0,(anonymous_3)
FNDA:0,(anonymous_4)
DA:1,0
DA:2,0
DA:4,0
DA:7,0
DA:10,0
DA:11,0
DA:12,0
DA:13,0
DA:15,0
DA:16,0
DA:17,0
DA:18,0
DA:20,0
DA:21,0
DA:26,0
DA:27,0
DA:28,0
DA:29,0
DA:31,0
DA:32,0
DA:33,0
DA:34,0
DA:36,0
DA:37,0
DA:42,0
DA:43,0
DA:44,0
DA:45,0
DA:46,0
DA:48,0
DA:50,0
DA:51,0
DA:53,0
DA:56,0
DA:57,0
DA:58,0
DA:59,0
DA:61,0
DA:62,0
DA:64,0
DA:65,0
DA:66,0
DA:75,0
DA:76,0
DA:77,0
DA:80,0
DA:83,0
DA:84,0
DA:85,0
DA:87,0
DA:90,0
DA:91,0
DA:95,0
LF:53
LH:0
BRDA:12,0,0,0
BRDA:12,0,1,0
BRDA:12,1,0,0
BRDA:12,1,1,0
BRDA:12,1,2,0
BRDA:28,2,0,0
BRDA:28,2,1,0
BRDA:28,3,0,0
BRDA:28,3,1,0
BRDA:28,3,2,0
BRDA:45,4,0,0
BRDA:45,4,1,0
BRDA:45,5,0,0
BRDA:45,5,1,0
BRDA:45,5,2,0
BRDA:62,6,0,0
BRDA:62,6,1,0
BRDA:62,7,0,0
BRDA:62,7,1,0
BRDA:64,8,0,0
BRDA:64,8,1,0
BRDA:67,9,0,0
BRDA:67,9,1,0
BRDA:67,9,2,0
BRDA:67,9,3,0
BRDA:67,9,4,0
BRDA:67,9,5,0
BRDA:75,10,0,0
BRDA:75,10,1,0
BRDA:80,11,0,0
BRDA:80,11,1,0
BRDA:83,12,0,0
BRDA:83,12,1,0
BRDA:84,13,0,0
BRDA:84,13,1,0
BRF:35
BRH:0
end_of_record
TN:
SF:src\controllers\savedController.js
FN:6,fileExists
FN:16,(anonymous_1)
FN:54,(anonymous_2)
FNF:3
FNH:0
FNDA:0,fileExists
FNDA:0,(anonymous_1)
FNDA:0,(anonymous_2)
DA:1,0
DA:2,0
DA:3,0
DA:7,0
DA:8,0
DA:9,0
DA:11,0
DA:16,0
DA:17,0
DA:18,0
DA:19,0
DA:22,0
DA:23,0
DA:24,0
DA:26,0
DA:27,0
DA:29,0
DA:30,0
DA:31,0
DA:32,0
DA:34,0
DA:35,0
DA:36,0
DA:37,0
DA:40,0
DA:41,0
DA:42,0
DA:43,0
DA:44,0
DA:45,0
DA:50,0
DA:54,0
DA:55,0
DA:56,0
DA:59,0
LF:35
LH:0
BRDA:18,0,0,0
BRDA:18,0,1,0
BRDA:18,1,0,0
BRDA:18,1,1,0
BRDA:34,2,0,0
BRDA:34,2,1,0
BRDA:40,3,0,0
BRDA:40,3,1,0
BRDA:40,4,0,0
BRDA:40,4,1,0
BRDA:42,5,0,0
BRDA:42,5,1,0
BRF:12
BRH:0
end_of_record
TN:
SF:src\routes\api.js
FNF:0
FNH:0
DA:1,0
DA:2,0
DA:3,0
DA:5,0
DA:7,0
LF:5
LH:0
BRF:0
BRH:0
end_of_record
TN:
SF:src\routes\cursor.js
FNF:0
FNH:0
DA:1,0
DA:2,0
DA:3,0
DA:5,0
DA:6,0
DA:8,0
LF:6
LH:0
BRF:0
BRH:0
end_of_record
TN:
SF:src\routes\download.js
FNF:0
FNH:0
DA:1,0
DA:2,0
DA:3,0
DA:5,0
DA:7,0
LF:5
LH:0
BRF:0
BRH:0
end_of_record
TN:
SF:src\routes\pagination.js
FNF:0
FNH:0
LF:0
LH:0
BRF:0
BRH:0
end_of_record
TN:
SF:src\routes\report.js
FNF:0
FNH:0
DA:1,0
DA:2,0
DA:7,0
DA:9,0
DA:10,0
DA:11,0
DA:13,0
LF:7
LH:0
BRF:0
BRH:0
end_of_record
TN:
SF:src\routes\saved.js
FNF:0
FNH:0
DA:1,0
DA:2,0
DA:3,0
DA:5,0
DA:6,0
DA:8,0
LF:6
LH:0
BRF:0
BRH:0
end_of_record
TN:
SF:src\utils\concurrencyUtils.js
FN:6,createConcurrencyLimiter
FN:10,run
FN:13,(anonymous_2)
FNF:3
FNH:0
FNDA:0,createConcurrencyLimiter
FNDA:0,run
FNDA:0,(anonymous_2)
DA:7,0
DA:8,0
DA:12,0
DA:13,0
DA:16,0
DA:17,0
DA:18,0
DA:20,0
DA:22,0
DA:23,0
DA:27,0
DA:30,0
LF:12
LH:0
BRDA:23,0,0,0
BRDA:23,0,1,0
BRF:2
BRH:0
end_of_record
TN:
SF:src\utils\fileUtils.js
FN:8,readSavedList
FN:12,(anonymous_1)
FN:12,(anonymous_2)
FN:25,writeSavedList
FN:36,readLastCursors
FN:39,(anonymous_5)
FN:39,(anonymous_6)
FN:49,writeLastCursors
FNF:8
FNH:0
FNDA:0,readSavedList
FNDA:0,(anonymous_1)
FNDA:0,(anonymous_2)
FNDA:0,writeSavedList
FNDA:0,readLastCursors
FNDA:0,(anonymous_5)
FNDA:0,(anonymous_6)
FNDA:0,writeLastCursors
DA:1,0
DA:2,0
DA:4,0
DA:5,0
DA:9,0
DA:11,0
DA:12,0
DA:13,0
DA:14,0
DA:16,0
DA:17,0
DA:19,0
DA:20,0
DA:26,0
DA:28,0
DA:29,0
DA:31,0
DA:37,0
DA:38,0
DA:39,0
DA:40,0
DA:41,0
DA:42,0
DA:44,0
DA:45,0
DA:50,0
DA:51,0
DA:52,0
DA:54,0
DA:58,0
LF:30
LH:0
BRDA:13,0,0,0
BRDA:13,0,1,0
BRDA:40,1,0,0
BRDA:40,1,1,0
BRF:4
BRH:0
end_of_record
TN:
SF:src\utils\formatUtils.js
FN:2,formatTimestamp
FNF:1
FNH:0
FNDA:0,formatTimestamp
DA:3,0
DA:7,0
DA:8,0
DA:10,0
DA:13,0
DA:14,0
DA:17,0
DA:27,0
DA:30,0
LF:9
LH:0
BRDA:3,0,0,0
BRDA:3,0,1,0
BRDA:7,1,0,0
BRDA:7,1,1,0
BRDA:13,2,0,0
BRDA:13,2,1,0
BRF:6
BRH:0
end_of_record
TN:
SF:src\utils\glob.js
FN:3,(anonymous_0)
FNF:1
FNH:0
FNDA:0,(anonymous_0)
DA:1,0
DA:3,0
DA:4,0
DA:9,0
DA:10,0
DA:13,0
LF:6
LH:0
BRF:0
BRH:0
end_of_record
TN:
SF:src\utils\mediaUtils.js
FN:2,getFileTypeFromBuffer
FNF:1
FNH:0
FNDA:0,getFileTypeFromBuffer
DA:3,0
DA:4,0
DA:6,0
DA:8,0
DA:9,0
DA:10,0
DA:11,0
DA:13,0
DA:14,0
DA:15,0
DA:18,0
LF:11
LH:0
BRDA:3,0,0,0
BRDA:3,0,1,0
BRDA:3,1,0,0
BRDA:3,1,1,0
BRDA:8,2,0,0
BRDA:8,2,1,0
BRDA:9,3,0,0
BRDA:9,3,1,0
BRDA:10,4,0,0
BRDA:10,4,1,0
BRDA:11,5,0,0
BRDA:11,5,1,0
BRDA:11,6,0,0
BRDA:11,6,1,0
BRDA:13,7,0,0
BRDA:13,7,1,0
BRDA:13,8,0,0
BRDA:13,8,1,0
BRDA:14,9,0,0
BRDA:14,9,1,0
BRF:20
BRH:0
end_of_record
TN:
SF:src\utils\platformIdUtils.js
FN:18,detectPlatform
FN:30,detectPlatformFromApiName
FN:42,extractUsernameFromUrl
FN:84,fetchFacebookUid
FN:87,(anonymous_4)
FN:120,fetchInstagramUuid
FN:123,(anonymous_6)
FN:158,fetchPlatformId
FN:175,autoFetchPlatformId
FNF:9
FNH:0
FNDA:0,detectPlatform
FNDA:0,detectPlatformFromApiName
FNDA:0,extractUsernameFromUrl
FNDA:0,fetchFacebookUid
FNDA:0,(anonymous_4)
FNDA:0,fetchInstagramUuid
FNDA:0,(anonymous_6)
FNDA:0,fetchPlatformId
FNDA:0,autoFetchPlatformId
DA:6,1
DA:7,1
DA:10,1
DA:11,1
DA:19,0
DA:20,0
DA:21,0
DA:22,0
DA:31,0
DA:32,0
DA:33,0
DA:34,0
DA:43,0
DA:45,0
DA:46,0
DA:49,0
DA:50,0
DA:51,0
DA:53,0
DA:54,0
DA:57,0
DA:58,0
DA:64,0
DA:65,0
DA:66,0
DA:67,0
DA:68,0
DA:72,0
DA:75,0
DA:85,0
DA:86,0
DA:87,0
DA:95,0
DA:98,0
DA:99,0
DA:106,0
DA:107,0
DA:109,0
DA:110,0
DA:121,0
DA:122,0
DA:123,0
DA:131,0
DA:134,0
DA:135,0
DA:143,0
DA:144,0
DA:146,0
DA:147,0
DA:159,0
DA:160,0
DA:161,0
DA:162,0
DA:164,0
DA:165,0
DA:176,0
DA:177,0
DA:178,0
DA:179,0
DA:182,0
DA:183,0
DA:184,0
DA:187,0
DA:190,1
LF:64
LH:5
BRDA:10,0,0,1
BRDA:10,0,1,0
BRDA:11,1,0,1
BRDA:11,1,1,0
BRDA:19,2,0,0
BRDA:19,2,1,0
BRDA:20,3,0,0
BRDA:20,3,1,0
BRDA:21,4,0,0
BRDA:21,4,1,0
BRDA:31,5,0,0
BRDA:31,5,1,0
BRDA:32,6,0,0
BRDA:32,6,1,0
BRDA:32,7,0,0
BRDA:32,7,1,0
BRDA:33,8,0,0
BRDA:33,8,1,0
BRDA:33,9,0,0
BRDA:33,9,1,0
BRDA:43,10,0,0
BRDA:43,10,1,0
BRDA:49,11,0,0
BRDA:49,11,1,0
BRDA:51,12,0,0
BRDA:51,12,1,0
BRDA:53,13,0,0
BRDA:53,13,1,0
BRDA:53,14,0,0
BRDA:53,14,1,0
BRDA:57,15,0,0
BRDA:57,15,1,0
BRDA:64,16,0,0
BRDA:64,16,1,0
BRDA:66,17,0,0
BRDA:66,17,1,0
BRDA:66,18,0,0
BRDA:66,18,1,0
BRDA:67,19,0,0
BRDA:67,19,1,0
BRDA:67,20,0,0
BRDA:67,20,1,0
BRDA:84,21,0,0
BRDA:98,22,0,0
BRDA:98,22,1,0
BRDA:98,23,0,0
BRDA:98,23,1,0
BRDA:102,24,0,0
BRDA:102,24,1,0
BRDA:120,25,0,0
BRDA:134,26,0,0
BRDA:134,26,1,0
BRDA:134,27,0,0
BRDA:134,27,1,0
BRDA:138,28,0,0
BRDA:138,28,1,0
BRDA:158,29,0,0
BRDA:159,30,0,0
BRDA:159,30,1,0
BRDA:161,31,0,0
BRDA:161,31,1,0
BRDA:175,32,0,0
BRDA:177,33,0,0
BRDA:177,33,1,0
BRDA:183,34,0,0
BRDA:183,34,1,0
BRF:66
BRH:2
end_of_record
TN:
SF:src\utils\retryUtils.js
FN:11,retryWithBackoff
FN:16,(anonymous_1)
FN:42,(anonymous_2)
FN:58,shouldRetryNetworkError
FNF:4
FNH:0
FNDA:0,retryWithBackoff
FNDA:0,(anonymous_1)
FNDA:0,(anonymous_2)
FNDA:0,shouldRetryNetworkError
DA:16,0
DA:17,0
DA:20,0
DA:22,0
DA:23,0
DA:24,0
DA:26,0
DA:29,0
DA:30,0
DA:34,0
DA:35,0
DA:39,0
DA:42,0
DA:45,0
DA:46,0
DA:50,0
DA:60,0
DA:61,0
DA:65,0
DA:66,0
DA:67,0
DA:71,0
DA:74,1
LF:23
LH:1
BRDA:11,0,0,0
BRDA:13,1,0,0
BRDA:14,2,0,0
BRDA:15,3,0,0
BRDA:16,4,0,0
BRDA:29,5,0,0
BRDA:29,5,1,0
BRDA:34,6,0,0
BRDA:34,6,1,0
BRDA:60,7,0,0
BRDA:60,7,1,0
BRDA:60,8,0,0
BRDA:60,8,1,0
BRDA:60,8,2,0
BRDA:65,9,0,0
BRDA:65,9,1,0
BRDA:67,10,0,0
BRDA:67,10,1,0
BRF:18
BRH:0
end_of_record
TN:
SF:src\utils\userFetching.js
FN:21,buildProfileUrl
FN:43,getOrFetchUser
FN:170,bulkFetchUsers
FN:175,(anonymous_3)
FN:176,(anonymous_4)
FN:184,(anonymous_5)
FN:210,userHasUid
FN:237,getUserByUid
FNF:8
FNH:8
FNDA:4,buildProfileUrl
FNDA:19,getOrFetchUser
FNDA:3,bulkFetchUsers
FNDA:3,(anonymous_3)
FNDA:12,(anonymous_4)
FNDA:9,(anonymous_5)
FNDA:4,userHasUid
FNDA:3,getUserByUid
DA:7,1
DA:13,1
DA:22,4
DA:23,1
DA:24,3
DA:25,2
DA:27,1
DA:44,19
DA:45,19
DA:47,19
DA:48,19
DA:49,2
DA:55,19
DA:56,17
DA:57,17
DA:60,17
DA:61,17
DA:64,2
DA:67,2
DA:68,1
DA:71,1
DA:74,18
DA:75,3
DA:76,3
DA:79,15
DA:80,0
DA:81,0
DA:85,15
DA:88,15
DA:89,11
DA:90,11
DA:94,4
DA:96,4
DA:97,0
DA:100,4
DA:102,4
DA:103,1
DA:106,1
DA:107,1
DA:113,1
DA:116,1
DA:120,3
DA:122,2
DA:123,2
DA:124,2
DA:130,2
DA:131,1
DA:132,1
DA:136,2
DA:139,1
DA:145,1
DA:148,3
DA:151,1
DA:152,1
DA:155,19
DA:156,2
DA:171,3
DA:172,3
DA:173,3
DA:175,3
DA:176,3
DA:177,12
DA:178,3
DA:179,3
DA:182,9
DA:183,9
DA:184,9
DA:185,9
DA:186,9
DA:187,9
DA:189,0
DA:190,0
DA:192,9
DA:193,9
DA:197,9
DA:201,3
DA:211,4
DA:212,4
DA:214,4
DA:215,4
DA:216,1
DA:219,4
DA:220,4
DA:223,4
DA:224,1
DA:238,3
DA:239,3
DA:241,3
DA:242,3
DA:243,1
DA:246,3
DA:249,3
DA:250,1
DA:255,1
LF:94
LH:89
BRDA:22,0,0,1
BRDA:22,0,1,3
BRDA:24,1,0,2
BRDA:24,1,1,1
BRDA:43,2,0,0
BRDA:43,3,0,0
BRDA:48,4,0,2
BRDA:48,4,1,17
BRDA:55,5,0,17
BRDA:55,5,1,2
BRDA:55,6,0,19
BRDA:55,6,1,19
BRDA:60,7,0,17
BRDA:60,7,1,0
BRDA:67,8,0,1
BRDA:67,8,1,1
BRDA:74,9,0,3
BRDA:74,9,1,15
BRDA:79,10,0,0
BRDA:79,10,1,15
BRDA:88,11,0,11
BRDA:88,11,1,4
BRDA:88,12,0,15
BRDA:88,12,1,13
BRDA:96,13,0,0
BRDA:96,13,1,4
BRDA:102,14,0,1
BRDA:102,14,1,3
BRDA:102,15,0,4
BRDA:102,15,1,3
BRDA:106,16,0,1
BRDA:106,16,1,0
BRDA:120,17,0,2
BRDA:120,17,1,1
BRDA:120,18,0,3
BRDA:120,18,1,2
BRDA:123,19,0,1
BRDA:123,19,1,1
BRDA:130,20,0,1
BRDA:130,20,1,1
BRDA:130,21,0,2
BRDA:130,21,1,2
BRDA:142,22,0,1
BRDA:142,22,1,0
BRDA:145,23,0,1
BRDA:145,23,1,0
BRDA:155,24,0,2
BRDA:155,24,1,17
BRDA:155,25,0,19
BRDA:155,25,1,2
BRDA:170,26,0,0
BRDA:177,27,0,3
BRDA:177,27,1,9
BRDA:177,28,0,12
BRDA:177,28,1,7
BRDA:182,29,0,18
BRDA:182,29,1,11
BRDA:215,30,0,1
BRDA:215,30,1,3
BRDA:220,31,0,2
BRDA:220,31,1,2
BRDA:220,32,0,4
BRDA:220,32,1,3
BRDA:223,33,0,1
BRDA:223,33,1,3
BRDA:223,34,0,4
BRDA:223,34,1,1
BRDA:242,35,0,1
BRDA:242,35,1,2
BRDA:249,36,0,1
BRDA:249,36,1,2
BRDA:249,37,0,3
BRDA:249,37,1,1
BRF:73
BRH:64
end_of_record
